<?xml version="1.0" encoding="UTF-8"?>
<!-- Generated by org.testng.reporters.JUnitXMLReporter -->
<testsuite ignored="0" hostname="AMamadzstarsMBP" failures="0" tests="3" name="Surefire test" time="1.919" errors="0" timestamp="2021-10-11T11:37:40 EDT">
  <testcase classname="APITest" name="verifyNameAttributeCorrespondsToTheEnteredCityName on verifyNameAttributeCorrespondsToTheEnteredCityName(APITest)" time="1.176"/>
  <testcase classname="APITest" name="userHitsTheURLByTheZipCode on userHitsTheURLByTheZipCode(APITest)" time="1.679"/>
  <testcase classname="APITest" name="verifyCoordLatAndCoordLonAttributesCorrespondToTheOnesEntered on verifyCoordLatAndCoordLonAttributesCorrespondToTheOnesEntered(APITest)" time="1.881"/>
</testsuite> <!-- Surefire test -->
