<?xml version="1.0" encoding="UTF-8"?>
<testng-results ignored="0" total="3" passed="3" failed="0" skipped="0">
  <reporter-output>
  </reporter-output>
  <suite started-at="2021-10-11T11:37:38 EDT" name="Surefire suite" finished-at="2021-10-11T11:37:40 EDT" duration-ms="1919">
    <groups>
    </groups>
    <test started-at="2021-10-11T11:37:38 EDT" name="Surefire test" finished-at="2021-10-11T11:37:40 EDT" duration-ms="1919">
      <class name="APITest">
        <test-method signature="verifyNameAttributeCorrespondsToTheEnteredCityName()" started-at="2021-10-11T11:37:38 EDT" name="verifyNameAttributeCorrespondsToTheEnteredCityName" finished-at="2021-10-11T11:37:39 EDT" duration-ms="1176" status="PASS">
          <reporter-output>
          </reporter-output>
        </test-method> <!-- verifyNameAttributeCorrespondsToTheEnteredCityName -->
        <test-method signature="verifyCoordLatAndCoordLonAttributesCorrespondToTheOnesEntered()" started-at="2021-10-11T11:37:38 EDT" name="verifyCoordLatAndCoordLonAttributesCorrespondToTheOnesEntered" finished-at="2021-10-11T11:37:40 EDT" duration-ms="1881" status="PASS">
          <reporter-output>
          </reporter-output>
        </test-method> <!-- verifyCoordLatAndCoordLonAttributesCorrespondToTheOnesEntered -->
        <test-method signature="userHitsTheURLByTheZipCode()" started-at="2021-10-11T11:37:38 EDT" name="userHitsTheURLByTheZipCode" finished-at="2021-10-11T11:37:40 EDT" duration-ms="1679" status="PASS">
          <reporter-output>
          </reporter-output>
        </test-method> <!-- userHitsTheURLByTheZipCode -->
      </class> <!-- APITest -->
    </test> <!-- Surefire test -->
  </suite> <!-- Surefire suite -->
</testng-results>
