<?xml version="1.0" encoding="UTF-8"?>
<testsuite xmlns:xsi="http://www.w3.org/2001/XMLSchema-instance" xsi:noNamespaceSchemaLocation="https://maven.apache.org/surefire/maven-surefire-plugin/xsd/surefire-test-report.xsd" name="APITest" time="2.101" tests="3" errors="0" skipped="0" failures="0">
  <properties>
[...]
</properties>
  <testcase name="verifyNameAttributeCorrespondsToTheEnteredCityName on verifyNameAttributeCorrespondsToTheEnteredCityName(APITest)" classname="APITest" time="1.181"/>
  <testcase name="userHitsTheURLByTheZipCode on userHitsTheURLByTheZipCode(APITest)" classname="APITest" time="0.492"/>
  <testcase name="verifyCoordLatAndCoordLonAttributesCorrespondToTheOnesEntered on verifyCoordLatAndCoordLonAttributesCorrespondToTheOnesEntered(APITest)" classname="APITest" time="0.201"/>
</testsuite>